126
382
1210
71
508
2288
1201
1770
1398
1421
878
0
174
0
0
355
585
355
0
327
0
0
52
782
782
519
239
0
2274
4076
303
1429
0
885
1821
1580
554
0
459
1876
55
2291
2971
560
1922
1806
0
1747
2133
1520
687
1778
799
2564
281
4353
563
4028
3900
141
1328
1492
415
923
2011
90
1845
1073
3450
615
1856
938
0
110
706
2498
767
60
0
59
2350
449
1291
2035
2527
436
20
0
0
227
488
0
2
40
1945
1109
0
2254
2888
0
1141
277
738
738
0
0
1568
568
373
2139
0
926
379
1556
243
1837
1837
1837
1253
314
230
507
0
0
2816
1934
1770
1377
1483
1272
489
1453
178
0
0
447
0
4855
378
2339
1292
261
253
0
2619
1234
2784
1253
0
689
3354
0
878
546
0
1109
385
1577
559
289
19
788
0
0
0
0
1438
4640
674
0
756
404
0
67
1143
949
0
136
2512
2911
1121
510
665
0
0
0
0
1049
1049
984
1003
527
0
3712
3457
278
981
2926
2450
619
3504
1246
1195
1277
199
1308
5014
701
938
1144
1344
4797
4817
4833
1260
635
67
2079
722
2542
2029
21
0
233
3245
498
464
3184
4133
1583
3143
4325
0
1022
0
521
0
984
214
598
684
172
558
431
309
1218
0
0
0
0
0
0
0
0
0
1553
696
1567
153
1549
858
368
1333
3417
818
637
941
3229
2865
4616
0
1568
2293
407
0
775
2293
471
1066
0
69
0
2147
1229
0
0
74
0
830
2212
2803
1270
1473
0
650
0
1210
1164
1219
699
363
430
82
46
1322
4675
4563
3632
370
1098
0
1876
214
566
1146
128
487
876
2096
1551
1831
273
419
931
161
0
2499
1456
2271
935
288
378
279
393
748
1471
0
434
574
639
2147
34
798
2630
977
475
774
2676
2995
711
502
488
0
0
501
3023
51
1693
575
2225
1294
1776
981
711
482
549
0
917
1305
0
501
1271
0
137
1463
2659
248
0
265
0
335
449
629
235
590
3002
373
279
0
639
761
1347
1347
1226
478
2871
309
2572
2441
840
192
474
0
779
2436
3558
2896
1725
1395
926
1779
5784
4794
1330
5424
1662
565
1285
679
0
19
241
241
401
2898
158
2070
2715
455
390
2315
2638
695
1966
2329
722
0
1718
490
0
547
547
525
0
345
3826
3594
1875
406
882
760
3816
0
0
656
971
995
393
902
670
976
628
347
648
2060
195
1627
210
210
1159
940
739
1449
1610
1486
0
314
0
1412
290
48
327
269
1174
269
458
3050
2335
566
431
1799
1535
1147
0
630
577
591
807
1137
1629
16
456
1896
719
436
847
0
0
0
144
90
0
966
369
1409
1763
735
0
325
0
43
0
1534
111
2183
1771
0
432
0
675
2585
392
137
2447
2148
2615
908
0
0
1
0
1984
118
3251
631
3058
2521
665
1711
1623
1123
1045
2502
1456
0
0
2169
844
570
0
311
410
521
387
96
1031
1419
1842
0
0
746
739
2600
0
2535
230
0
337
522
3104
582
3727
2640
2293
138
802
512
1016
1477
237
1488
3011
519
191
1547
1241
224
0
0
1889
12
645
0
710
2927
649
9
457
1562
1433
2774
540
589
1248
922
0
289
1102
347
1908
2412
2152
1112
844
373
2346
25
1480
541
771
1302
2132
3569
741
227
248
137
75
84
1439
331
1267
1164
1868
0
519
0
75
1033
1033
0
1069
16
1186
3057
703
429
536
253
725
3381
954
607
349
803
581
1641
834
1641
144
1315
3170
1402
1114
4121
2332
3069
3008
1313
2183
933
1336
855
2636
171
3922
1896
0
1045
2006
820
268
2007
573
327
0
387
2876
95
325
877
1003
125
0
141
1636
881
1176
1279
77
639
2377
2479
1962
439
1013
2398
1534
441
1230
1600
185
985
1017
654
2739
1070
695
271
0
515
730
241
81
605
619
1078
1313
0
206
813
872
3139
4672
1634
3487
1163
1781
423
1447
1650
3605
63
241
0
31
0
1737
2190
0
1216
11
161
0
890
3035
816
736
96
1097
1073
759
632
0
485
738
0
630
2450
2029
0
0
429
0
429
1004
454
971
2605
362
756
3604
0
534
0
189
999
1451
0
1140
0
114
0
489
0
0
57
132
21
460
0
21
2977
790
168
276
1601
0
2284
2022
2258
0
0
384
0
1820
852
2132
107
3303
53
581
551
2284
1876
0
0
1231
0
0
1824
206
712
1499
362
2432
1713
590
1601
22
1303
0
1947
1169
826
750
0
231
1106
550
1011
0
152
0
353
617
1266
489
1099
517
2506
1299
0
1008
4
2942
24
1949
90
562
128
127
1509
3952
0
1069
25
0
3808
3870
252
0
290
1624
619
283
3697
1535
4407
1718
359
85
336
0
1210
773
1497
2098
1495
1610
3687
2049
17
1584
87
4712
1832
1752
184
0
128
1637
1233
762
733
1057
686
0
487
484
0
669
170
669
252
170
0
559
0
0
1228
255
517
2471
242
2458
0
68
0
1064
577
948
325
135
925
354
3131
507
2623
2966
144
2409
1074
353
423
591
0
0
0
1153
196
2050
0
775
2980
2231
3061
813
0
17
1381
983
2181
237
1481
2952
1367
3543
1803
4202
1081
422
0
825
2459
492
353
984
0
0
0
59
1619
1088
333
345
209
0
0
0
2056
163
1824
1450
1930
172
106
3834
2146
2012
1834
0
1104
539
0
1937
0
3053
284
555
3785
1231
1627
1433
0
1871
4119
732
1245
2418
81
51
648
544
1509
0
0
0
14
141
177
0
1038
622
0
708
0
526
0
235
1388
208
0
0
176
267
693
1455
132
1532
2086
1432
319
1084
489
688
244
625
304
1184
3244
0
974
0
0
0
0
0
774
246
0
1138
2054
415
1156
1156
1138
1138
1156
2632
0
0
1467
416
341
710
707
583
621
1567
2539
272
1216
1244
128
3885
46
470
351
2960
1681
471
2303
2069
1096
15
624
297
2183
3365
418
1179
0
0
0
711
1349
3052
3718
93
1076
1693
642
2919
1453
3869
1240
1370
344
1270
1528
2214
2613
389
1127
618
2071
1094
1210
0
348
654
882
1894
0
1303
712
1872
1172
97
1029
491
1217
673
1094
193
1144
1047
794
336
1303
77
570
906
0
1406
536
1580
0
516
3225
40
107
1325
0
310
589
0
0
0
0
353
0
42
757
0
0
2110
3070
325
483
547
1167
591
584
1447
1362
1860
806
203
1161
750
2612
882
2555
3347
3383
1539
594
1520
294
776
674
655
2098
267
2957
701
1044
154
1679
481
3510
4973
3470
2768
854
1709
1100
774
59
611
1880
0
316
273
0
1004
213
1947
738
3965
0
1330
2584
1213
3577
268
3351
4156
3232
380
15
2404
18
1833
3641
3476
1677
2555
0
1040
1168
918
1321
0
1756
0
1814
0
331
0
0
0
0
576
4936
1338
428
798
2459
0
302
150
629
2804
1335
272
665
1249
1207
966
307
4587
1178
174
4899
376
287
127
523
583
700
771
2548
917
2421
0
938
697
3811
1644
882
2703
1841
1273
894
3219
2919
298
3841
178
1702
1277
881
0
87
145
0
0
0
1652
511
1253
1175
1175
1494
3617
1812
1534
1534
1534
2526
2068
0
0
0
0
0
562
1004
95
759
1307
663
830
748
1188
0
14
0
3071
855
2771
1413
1128
